<?xml version="1.0" encoding="UTF-8"?>
<!-- Generated by org.testng.reporters.JUnitReportReporter -->
<testsuite hostname="LAPTOP-M6H3TVEN" failures="0" tests="3" name="org.sdet38.practice.AddDesignationTest" time="6.102" errors="0" timestamp="2022-08-22T17:35:03 IST" skipped="0">
  <testcase classname="org.sdet38.practice.AddDesignationTest" name="addDesignationNegativeTest1" time="1.541"/>
  <system-out/>
  <testcase classname="org.sdet38.practice.AddDesignationTest" name="addDesignationNegativeTest2" time="2.741"/>
  <system-out/>
  <testcase classname="org.sdet38.practice.AddDesignationTest" name="addDesignationTest" time="1.820"/>
  <system-out/>
</testsuite> <!-- org.sdet38.practice.AddDesignationTest -->
